<?xml version="1.0" encoding="utf-8"?><testsuites name="pytest tests"><testsuite name="pytest" errors="0" failures="0" skipped="0" tests="22" time="47.198" timestamp="2026-07-02T12:15:29.724561+00:00" hostname="agent-env-51a7d2e8-ad0c-4102-a36b-7b32f6892035"><testcase classname="tests.backend_test" name="test_root" time="0.301" /><testcase classname="tests.backend_test" name="test_list_auctions_seeded" time="0.291" /><testcase classname="tests.backend_test" name="test_login_admin_seller_bidder" time="1.423" /><testcase classname="tests.backend_test" name="test_login_wrong_password" time="0.388" /><testcase classname="tests.backend_test" name="test_register_and_me" time="0.452" /><testcase classname="tests.backend_test" name="test_brute_force_lockout" time="1.097" /><testcase classname="tests.backend_test" name="test_auction_filter_status_live" time="0.141" /><testcase classname="tests.backend_test" name="test_auction_filter_sort_price_asc" time="0.199" /><testcase classname="tests.backend_test" name="test_auction_detail" time="0.304" /><testcase classname="tests.backend_test" name="test_create_auction_as_seller_and_end_before_start" time="0.697" /><testcase classname="tests.backend_test" name="test_create_auction_empty_images_rejected" time="0.486" /><testcase classname="tests.backend_test" name="test_bid_flow" time="2.004" /><testcase classname="tests.backend_test" name="test_my_bids_and_won" time="0.475" /><testcase classname="tests.backend_test" name="test_watchlist_flow" time="0.749" /><testcase classname="tests.backend_test" name="test_notifications_mark_read" time="0.627" /><testcase classname="tests.backend_test" name="test_feedback_create_and_list" time="1.320" /><testcase classname="tests.backend_test" name="test_admin_endpoints" time="0.748" /><testcase classname="tests.backend_test" name="test_admin_forbidden_for_bidder" time="0.426" /><testcase classname="tests.backend_test" name="test_admin_cannot_bid" time="0.817" /><testcase classname="tests.backend_test" name="test_logout" time="0.454" /><testcase classname="tests.backend_test" name="test_soft_close_extends_end_time" time="1.086" /><testcase classname="tests.backend_test" name="test_socketio_new_bid_event" time="32.113" /></testsuite></testsuites>