<?xml version="1.0" encoding="utf-8"?><testsuites name="pytest tests"><testsuite name="pytest" errors="0" failures="0" skipped="0" tests="26" time="54.083" timestamp="2026-07-02T12:56:17.676671+00:00" hostname="agent-env-51a7d2e8-ad0c-4102-a36b-7b32f6892035"><testcase classname="tests.backend_test" name="test_root" time="1.306" /><testcase classname="tests.backend_test" name="test_list_auctions_seeded" time="0.194" /><testcase classname="tests.backend_test" name="test_login_admin_seller_bidder" time="1.448" /><testcase classname="tests.backend_test" name="test_login_wrong_password" time="0.414" /><testcase classname="tests.backend_test" name="test_register_and_me" time="0.457" /><testcase classname="tests.backend_test" name="test_brute_force_lockout" time="1.465" /><testcase classname="tests.backend_test" name="test_auction_filter_status_live" time="1.438" /><testcase classname="tests.backend_test" name="test_auction_filter_sort_price_asc" time="0.191" /><testcase classname="tests.backend_test" name="test_auction_detail" time="0.302" /><testcase classname="tests.backend_test" name="test_create_auction_as_seller_and_end_before_start" time="0.730" /><testcase classname="tests.backend_test" name="test_create_auction_empty_images_rejected" time="0.435" /><testcase classname="tests.backend_test" name="test_bid_flow" time="1.936" /><testcase classname="tests.backend_test" name="test_my_bids_and_won" time="0.536" /><testcase classname="tests.backend_test" name="test_watchlist_flow" time="0.749" /><testcase classname="tests.backend_test" name="test_notifications_mark_read" time="0.582" /><testcase classname="tests.backend_test" name="test_feedback_create_and_list" time="1.237" /><testcase classname="tests.backend_test" name="test_admin_endpoints" time="0.978" /><testcase classname="tests.backend_test" name="test_admin_forbidden_for_bidder" time="2.489" /><testcase classname="tests.backend_test" name="test_admin_cannot_bid" time="0.618" /><testcase classname="tests.backend_test" name="test_logout" time="0.467" /><testcase classname="tests.backend_test" name="test_soft_close_extends_end_time" time="1.370" /><testcase classname="tests.backend_test" name="test_socketio_new_bid_event" time="32.086" /><testcase classname="tests.backend_test" name="test_contact_form_empty_payload_422" time="0.228" /><testcase classname="tests.backend_test" name="test_contact_form_submit_and_admin_list_and_read" time="1.413" /><testcase classname="tests.backend_test" name="test_contact_form_field_min_length" time="0.146" /><testcase classname="tests.backend_test" name="test_admin_contact_requires_admin" time="0.146" /></testsuite></testsuites>